<?xml version="1.0" encoding="UTF-8"?>
<!-- Generated by org.testng.reporters.JUnitReportReporter -->
<testsuite hostname="Adhish_Ashmita" name="HealthInsurance.HomePage" tests="1" failures="0" timestamp="30 Jun 2016 06:13:26 GMT" time="9.699" errors="0">
  <testcase name="mainTest" time="9.699" classname="HealthInsurance.HomePage"/>
</testsuite> <!-- HealthInsurance.HomePage -->
