<?xml version="1.0" encoding="UTF-8"?>
<!-- Generated by org.testng.reporters.JUnitReportReporter -->
<testsuite hostname="Adhish_Ashmita" name="InsuranceTestCase.MainPage" tests="1" failures="0" timestamp="10 Jul 2016 18:34:54 GMT" time="8.894" errors="0">
  <testcase name="test" time="8.894" classname="InsuranceTestCase.MainPage"/>
</testsuite> <!-- InsuranceTestCase.MainPage -->
